[2024-09-03T14:46:14.247+0000] {taskinstance.py:1157} INFO - Dependencies all met for dep_context=non-requeueable deps ti=<TaskInstance: k9_etl_dag_v7.create_k9_table scheduled__2024-09-02T00:00:00+00:00 [queued]>
[2024-09-03T14:46:14.266+0000] {taskinstance.py:1157} INFO - Dependencies all met for dep_context=requeueable deps ti=<TaskInstance: k9_etl_dag_v7.create_k9_table scheduled__2024-09-02T00:00:00+00:00 [queued]>
[2024-09-03T14:46:14.266+0000] {taskinstance.py:1359} INFO - Starting attempt 1 of 2
[2024-09-03T14:46:14.284+0000] {taskinstance.py:1380} INFO - Executing <Task(SQLExecuteQueryOperator): create_k9_table> on 2024-09-02 00:00:00+00:00
[2024-09-03T14:46:14.297+0000] {standard_task_runner.py:57} INFO - Started process 2894 to run task
[2024-09-03T14:46:14.303+0000] {standard_task_runner.py:84} INFO - Running: ['***', 'tasks', 'run', 'k9_etl_dag_v7', 'create_k9_table', 'scheduled__2024-09-02T00:00:00+00:00', '--job-id', '120', '--raw', '--subdir', 'DAGS_FOLDER/k9_etl_dag_v7.py', '--cfg-path', '/tmp/tmp37cbulxq']
[2024-09-03T14:46:14.312+0000] {standard_task_runner.py:85} INFO - Job 120: Subtask create_k9_table
[2024-09-03T14:46:14.429+0000] {task_command.py:415} INFO - Running <TaskInstance: k9_etl_dag_v7.create_k9_table scheduled__2024-09-02T00:00:00+00:00 [running]> on host 2624bebdd8ee
[2024-09-03T14:46:14.527+0000] {taskinstance.py:1660} INFO - Exporting env vars: AIRFLOW_CTX_DAG_EMAIL='your-email@example.com' AIRFLOW_CTX_DAG_OWNER='***' AIRFLOW_CTX_DAG_ID='k9_etl_dag_v7' AIRFLOW_CTX_TASK_ID='create_k9_table' AIRFLOW_CTX_EXECUTION_DATE='2024-09-02T00:00:00+00:00' AIRFLOW_CTX_TRY_NUMBER='1' AIRFLOW_CTX_DAG_RUN_ID='scheduled__2024-09-02T00:00:00+00:00'
[2024-09-03T14:46:14.528+0000] {sql.py:274} INFO - Executing: 
        CREATE TABLE IF NOT EXISTS k9_facts (
            id SERIAL PRIMARY KEY,
            fact_id TEXT UNIQUE,
            created_date TIMESTAMP,
            description TEXT,
            category VARCHAR(50),
            last_modified_date TIMESTAMP,
            is_deleted BOOLEAN DEFAULT FALSE
        );
        CREATE INDEX IF NOT EXISTS idx_k9_facts_fact_id ON k9_facts(fact_id);
        CREATE INDEX IF NOT EXISTS idx_k9_facts_last_modified ON k9_facts(last_modified_date);
        
[2024-09-03T14:46:14.538+0000] {base.py:73} INFO - Using connection ID 'k9_care' for task execution.
[2024-09-03T14:46:14.555+0000] {base.py:73} INFO - Using connection ID 'k9_care' for task execution.
[2024-09-03T14:46:14.680+0000] {sql.py:418} INFO - Running statement: 
        CREATE TABLE IF NOT EXISTS k9_facts (
            id SERIAL PRIMARY KEY,
            fact_id TEXT UNIQUE,
            created_date TIMESTAMP,
            description TEXT,
            category VARCHAR(50),
            last_modified_date TIMESTAMP,
            is_deleted BOOLEAN DEFAULT FALSE
        );
        CREATE INDEX IF NOT EXISTS idx_k9_facts_fact_id ON k9_facts(fact_id);
        CREATE INDEX IF NOT EXISTS idx_k9_facts_last_modified ON k9_facts(last_modified_date);
        , parameters: None
[2024-09-03T14:46:14.710+0000] {taskinstance.py:1398} INFO - Marking task as SUCCESS. dag_id=k9_etl_dag_v7, task_id=create_k9_table, execution_date=20240902T000000, start_date=20240903T144614, end_date=20240903T144614
[2024-09-03T14:46:14.739+0000] {local_task_job_runner.py:228} INFO - Task exited with return code 0
[2024-09-03T14:46:14.768+0000] {taskinstance.py:2776} INFO - 1 downstream tasks scheduled from follow-on schedule check
[2024-09-03T18:16:07.957+0000] {taskinstance.py:1157} INFO - Dependencies all met for dep_context=non-requeueable deps ti=<TaskInstance: k9_etl_dag_v7.create_k9_table scheduled__2024-09-02T00:00:00+00:00 [queued]>
[2024-09-03T18:16:07.972+0000] {taskinstance.py:1157} INFO - Dependencies all met for dep_context=requeueable deps ti=<TaskInstance: k9_etl_dag_v7.create_k9_table scheduled__2024-09-02T00:00:00+00:00 [queued]>
[2024-09-03T18:16:07.974+0000] {taskinstance.py:1359} INFO - Starting attempt 1 of 2
[2024-09-03T18:16:07.988+0000] {taskinstance.py:1380} INFO - Executing <Task(SQLExecuteQueryOperator): create_k9_table> on 2024-09-02 00:00:00+00:00
[2024-09-03T18:16:08.004+0000] {standard_task_runner.py:57} INFO - Started process 117 to run task
[2024-09-03T18:16:08.013+0000] {standard_task_runner.py:84} INFO - Running: ['***', 'tasks', 'run', 'k9_etl_dag_v7', 'create_k9_table', 'scheduled__2024-09-02T00:00:00+00:00', '--job-id', '3', '--raw', '--subdir', 'DAGS_FOLDER/k9_etl_dag_v7.py', '--cfg-path', '/tmp/tmp1f6c4k4l']
[2024-09-03T18:16:08.014+0000] {standard_task_runner.py:85} INFO - Job 3: Subtask create_k9_table
[2024-09-03T18:16:08.100+0000] {task_command.py:415} INFO - Running <TaskInstance: k9_etl_dag_v7.create_k9_table scheduled__2024-09-02T00:00:00+00:00 [running]> on host dcdd6b24b7af
[2024-09-03T18:16:08.180+0000] {taskinstance.py:1660} INFO - Exporting env vars: AIRFLOW_CTX_DAG_OWNER='***' AIRFLOW_CTX_DAG_ID='k9_etl_dag_v7' AIRFLOW_CTX_TASK_ID='create_k9_table' AIRFLOW_CTX_EXECUTION_DATE='2024-09-02T00:00:00+00:00' AIRFLOW_CTX_TRY_NUMBER='1' AIRFLOW_CTX_DAG_RUN_ID='scheduled__2024-09-02T00:00:00+00:00'
[2024-09-03T18:16:08.183+0000] {sql.py:274} INFO - Executing: 
        CREATE TABLE IF NOT EXISTS k9_facts (
            id SERIAL PRIMARY KEY,
            fact_id TEXT UNIQUE,
            created_date TIMESTAMP,
            description TEXT,
            category VARCHAR(50),
            last_modified_date TIMESTAMP,
            is_deleted BOOLEAN DEFAULT FALSE
        );
        CREATE INDEX IF NOT EXISTS idx_k9_facts_fact_id ON k9_facts(fact_id);
        CREATE INDEX IF NOT EXISTS idx_k9_facts_last_modified ON k9_facts(last_modified_date);
        
[2024-09-03T18:16:08.190+0000] {base.py:73} INFO - Using connection ID 'k9_care' for task execution.
[2024-09-03T18:16:08.224+0000] {base.py:73} INFO - Using connection ID 'k9_care' for task execution.
[2024-09-03T18:16:08.301+0000] {sql.py:418} INFO - Running statement: 
        CREATE TABLE IF NOT EXISTS k9_facts (
            id SERIAL PRIMARY KEY,
            fact_id TEXT UNIQUE,
            created_date TIMESTAMP,
            description TEXT,
            category VARCHAR(50),
            last_modified_date TIMESTAMP,
            is_deleted BOOLEAN DEFAULT FALSE
        );
        CREATE INDEX IF NOT EXISTS idx_k9_facts_fact_id ON k9_facts(fact_id);
        CREATE INDEX IF NOT EXISTS idx_k9_facts_last_modified ON k9_facts(last_modified_date);
        , parameters: None
[2024-09-03T18:16:08.365+0000] {taskinstance.py:1398} INFO - Marking task as SUCCESS. dag_id=k9_etl_dag_v7, task_id=create_k9_table, execution_date=20240902T000000, start_date=20240903T181607, end_date=20240903T181608
[2024-09-03T18:16:08.400+0000] {local_task_job_runner.py:228} INFO - Task exited with return code 0
[2024-09-03T18:16:08.468+0000] {taskinstance.py:2776} INFO - 1 downstream tasks scheduled from follow-on schedule check
