[2024-09-03T14:49:49.264+0000] {taskinstance.py:1157} INFO - Dependencies all met for dep_context=non-requeueable deps ti=<TaskInstance: k9_etl_dag_v7.create_k9_table manual__2024-09-03T14:49:45.775255+00:00 [queued]>
[2024-09-03T14:49:49.854+0000] {taskinstance.py:1157} INFO - Dependencies all met for dep_context=requeueable deps ti=<TaskInstance: k9_etl_dag_v7.create_k9_table manual__2024-09-03T14:49:45.775255+00:00 [queued]>
[2024-09-03T14:49:49.858+0000] {taskinstance.py:1359} INFO - Starting attempt 1 of 2
[2024-09-03T14:49:49.932+0000] {taskinstance.py:1380} INFO - Executing <Task(SQLExecuteQueryOperator): create_k9_table> on 2024-09-03 14:49:45.775255+00:00
[2024-09-03T14:49:49.944+0000] {standard_task_runner.py:57} INFO - Started process 2979 to run task
[2024-09-03T14:49:49.963+0000] {standard_task_runner.py:84} INFO - Running: ['***', 'tasks', 'run', 'k9_etl_dag_v7', 'create_k9_table', 'manual__2024-09-03T14:49:45.775255+00:00', '--job-id', '133', '--raw', '--subdir', 'DAGS_FOLDER/k9_etl_dag_v7.py', '--cfg-path', '/tmp/tmpbfllll8g']
[2024-09-03T14:49:49.966+0000] {standard_task_runner.py:85} INFO - Job 133: Subtask create_k9_table
[2024-09-03T14:49:50.088+0000] {task_command.py:415} INFO - Running <TaskInstance: k9_etl_dag_v7.create_k9_table manual__2024-09-03T14:49:45.775255+00:00 [running]> on host 2624bebdd8ee
[2024-09-03T14:49:50.217+0000] {taskinstance.py:1660} INFO - Exporting env vars: AIRFLOW_CTX_DAG_EMAIL='your-email@example.com' AIRFLOW_CTX_DAG_OWNER='***' AIRFLOW_CTX_DAG_ID='k9_etl_dag_v7' AIRFLOW_CTX_TASK_ID='create_k9_table' AIRFLOW_CTX_EXECUTION_DATE='2024-09-03T14:49:45.775255+00:00' AIRFLOW_CTX_TRY_NUMBER='1' AIRFLOW_CTX_DAG_RUN_ID='manual__2024-09-03T14:49:45.775255+00:00'
[2024-09-03T14:49:50.218+0000] {sql.py:274} INFO - Executing: 
        CREATE TABLE IF NOT EXISTS k9_facts (
            id SERIAL PRIMARY KEY,
            fact_id TEXT UNIQUE,
            created_date TIMESTAMP,
            description TEXT,
            category VARCHAR(50),
            last_modified_date TIMESTAMP,
            is_deleted BOOLEAN DEFAULT FALSE
        );
        CREATE INDEX IF NOT EXISTS idx_k9_facts_fact_id ON k9_facts(fact_id);
        CREATE INDEX IF NOT EXISTS idx_k9_facts_last_modified ON k9_facts(last_modified_date);
        
[2024-09-03T14:49:50.226+0000] {base.py:73} INFO - Using connection ID 'k9_care' for task execution.
[2024-09-03T14:49:50.235+0000] {base.py:73} INFO - Using connection ID 'k9_care' for task execution.
[2024-09-03T14:49:50.267+0000] {sql.py:418} INFO - Running statement: 
        CREATE TABLE IF NOT EXISTS k9_facts (
            id SERIAL PRIMARY KEY,
            fact_id TEXT UNIQUE,
            created_date TIMESTAMP,
            description TEXT,
            category VARCHAR(50),
            last_modified_date TIMESTAMP,
            is_deleted BOOLEAN DEFAULT FALSE
        );
        CREATE INDEX IF NOT EXISTS idx_k9_facts_fact_id ON k9_facts(fact_id);
        CREATE INDEX IF NOT EXISTS idx_k9_facts_last_modified ON k9_facts(last_modified_date);
        , parameters: None
[2024-09-03T14:49:50.279+0000] {taskinstance.py:1398} INFO - Marking task as SUCCESS. dag_id=k9_etl_dag_v7, task_id=create_k9_table, execution_date=20240903T144945, start_date=20240903T144949, end_date=20240903T144950
[2024-09-03T14:49:50.318+0000] {local_task_job_runner.py:228} INFO - Task exited with return code 0
[2024-09-03T14:49:50.342+0000] {taskinstance.py:2776} INFO - 0 downstream tasks scheduled from follow-on schedule check
