[2024-09-03T13:29:16.715+0000] {taskinstance.py:1157} INFO - Dependencies all met for dep_context=non-requeueable deps ti=<TaskInstance: k9_etl_dag_v5.create_k9_table manual__2024-09-03T13:29:14.440650+00:00 [queued]>
[2024-09-03T13:29:16.730+0000] {taskinstance.py:1157} INFO - Dependencies all met for dep_context=requeueable deps ti=<TaskInstance: k9_etl_dag_v5.create_k9_table manual__2024-09-03T13:29:14.440650+00:00 [queued]>
[2024-09-03T13:29:16.732+0000] {taskinstance.py:1359} INFO - Starting attempt 1 of 1
[2024-09-03T13:29:16.747+0000] {taskinstance.py:1380} INFO - Executing <Task(SQLExecuteQueryOperator): create_k9_table> on 2024-09-03 13:29:14.440650+00:00
[2024-09-03T13:29:16.764+0000] {standard_task_runner.py:57} INFO - Started process 1586 to run task
[2024-09-03T13:29:16.774+0000] {standard_task_runner.py:84} INFO - Running: ['***', 'tasks', 'run', 'k9_etl_dag_v5', 'create_k9_table', 'manual__2024-09-03T13:29:14.440650+00:00', '--job-id', '36', '--raw', '--subdir', 'DAGS_FOLDER/k9_etl_dag_v5.py', '--cfg-path', '/tmp/tmpke70wzoz']
[2024-09-03T13:29:16.776+0000] {standard_task_runner.py:85} INFO - Job 36: Subtask create_k9_table
[2024-09-03T13:29:16.844+0000] {task_command.py:415} INFO - Running <TaskInstance: k9_etl_dag_v5.create_k9_table manual__2024-09-03T13:29:14.440650+00:00 [running]> on host 2624bebdd8ee
[2024-09-03T13:29:17.148+0000] {taskinstance.py:1660} INFO - Exporting env vars: AIRFLOW_CTX_DAG_OWNER='***' AIRFLOW_CTX_DAG_ID='k9_etl_dag_v5' AIRFLOW_CTX_TASK_ID='create_k9_table' AIRFLOW_CTX_EXECUTION_DATE='2024-09-03T13:29:14.440650+00:00' AIRFLOW_CTX_TRY_NUMBER='1' AIRFLOW_CTX_DAG_RUN_ID='manual__2024-09-03T13:29:14.440650+00:00'
[2024-09-03T13:29:17.152+0000] {sql.py:274} INFO - Executing: 
        CREATE TABLE IF NOT EXISTS k9_facts_v5 (
            id SERIAL PRIMARY KEY,
            fact_id INTEGER,
            created_date TIMESTAMP,
            description TEXT,
            category VARCHAR(50),
            version INTEGER,
            is_current BOOLEAN,
            is_deleted BOOLEAN DEFAULT FALSE
        );
        
[2024-09-03T13:29:17.165+0000] {base.py:73} INFO - Using connection ID 'k9_care' for task execution.
[2024-09-03T13:29:17.204+0000] {base.py:73} INFO - Using connection ID 'k9_care' for task execution.
[2024-09-03T13:29:17.280+0000] {sql.py:418} INFO - Running statement: 
        CREATE TABLE IF NOT EXISTS k9_facts_v5 (
            id SERIAL PRIMARY KEY,
            fact_id INTEGER,
            created_date TIMESTAMP,
            description TEXT,
            category VARCHAR(50),
            version INTEGER,
            is_current BOOLEAN,
            is_deleted BOOLEAN DEFAULT FALSE
        );
        , parameters: None
[2024-09-03T13:29:17.334+0000] {taskinstance.py:1398} INFO - Marking task as SUCCESS. dag_id=k9_etl_dag_v5, task_id=create_k9_table, execution_date=20240903T132914, start_date=20240903T132916, end_date=20240903T132917
[2024-09-03T13:29:17.383+0000] {local_task_job_runner.py:228} INFO - Task exited with return code 0
[2024-09-03T13:29:17.412+0000] {taskinstance.py:2776} INFO - 1 downstream tasks scheduled from follow-on schedule check
