[2024-09-02T19:23:06.628+0000] {taskinstance.py:1157} INFO - Dependencies all met for dep_context=non-requeueable deps ti=<TaskInstance: k9_etl_dag.create_k9_table manual__2024-09-02T19:23:05.164882+00:00 [queued]>
[2024-09-02T19:23:06.639+0000] {taskinstance.py:1157} INFO - Dependencies all met for dep_context=requeueable deps ti=<TaskInstance: k9_etl_dag.create_k9_table manual__2024-09-02T19:23:05.164882+00:00 [queued]>
[2024-09-02T19:23:06.639+0000] {taskinstance.py:1359} INFO - Starting attempt 1 of 1
[2024-09-02T19:23:06.650+0000] {taskinstance.py:1380} INFO - Executing <Task(SQLExecuteQueryOperator): create_k9_table> on 2024-09-02 19:23:05.164882+00:00
[2024-09-02T19:23:06.653+0000] {standard_task_runner.py:57} INFO - Started process 455 to run task
[2024-09-02T19:23:06.656+0000] {standard_task_runner.py:84} INFO - Running: ['***', 'tasks', 'run', 'k9_etl_dag', 'create_k9_table', 'manual__2024-09-02T19:23:05.164882+00:00', '--job-id', '29', '--raw', '--subdir', 'DAGS_FOLDER/k9_etl_dag.py', '--cfg-path', '/tmp/tmpz4cx4t57']
[2024-09-02T19:23:06.657+0000] {standard_task_runner.py:85} INFO - Job 29: Subtask create_k9_table
[2024-09-02T19:23:06.703+0000] {task_command.py:415} INFO - Running <TaskInstance: k9_etl_dag.create_k9_table manual__2024-09-02T19:23:05.164882+00:00 [running]> on host 6b66813f7393
[2024-09-02T19:23:06.743+0000] {taskinstance.py:1660} INFO - Exporting env vars: AIRFLOW_CTX_DAG_OWNER='***' AIRFLOW_CTX_DAG_ID='k9_etl_dag' AIRFLOW_CTX_TASK_ID='create_k9_table' AIRFLOW_CTX_EXECUTION_DATE='2024-09-02T19:23:05.164882+00:00' AIRFLOW_CTX_TRY_NUMBER='1' AIRFLOW_CTX_DAG_RUN_ID='manual__2024-09-02T19:23:05.164882+00:00'
[2024-09-02T19:23:06.744+0000] {sql.py:274} INFO - Executing: 
        CREATE TABLE IF NOT EXISTS k9_facts (
            id SERIAL PRIMARY KEY,
            created_date TIMESTAMP,
            description TEXT
        );
        
[2024-09-02T19:23:06.750+0000] {base.py:73} INFO - Using connection ID 'k9_care' for task execution.
[2024-09-02T19:23:06.764+0000] {base.py:73} INFO - Using connection ID 'k9_care' for task execution.
[2024-09-02T19:23:06.781+0000] {sql.py:418} INFO - Running statement: 
        CREATE TABLE IF NOT EXISTS k9_facts (
            id SERIAL PRIMARY KEY,
            created_date TIMESTAMP,
            description TEXT
        );
        , parameters: None
[2024-09-02T19:23:06.839+0000] {taskinstance.py:1398} INFO - Marking task as SUCCESS. dag_id=k9_etl_dag, task_id=create_k9_table, execution_date=20240902T192305, start_date=20240902T192306, end_date=20240902T192306
[2024-09-02T19:23:06.878+0000] {local_task_job_runner.py:228} INFO - Task exited with return code 0
[2024-09-02T19:23:06.890+0000] {taskinstance.py:2776} INFO - 0 downstream tasks scheduled from follow-on schedule check
