[2024-09-03T14:00:03.991+0000] {taskinstance.py:1157} INFO - Dependencies all met for dep_context=non-requeueable deps ti=<TaskInstance: k9_etl_dag_v6.create_k9_table scheduled__2024-09-02T00:00:00+00:00 [queued]>
[2024-09-03T14:00:04.002+0000] {taskinstance.py:1157} INFO - Dependencies all met for dep_context=requeueable deps ti=<TaskInstance: k9_etl_dag_v6.create_k9_table scheduled__2024-09-02T00:00:00+00:00 [queued]>
[2024-09-03T14:00:04.002+0000] {taskinstance.py:1359} INFO - Starting attempt 1 of 1
[2024-09-03T14:00:04.016+0000] {taskinstance.py:1380} INFO - Executing <Task(SQLExecuteQueryOperator): create_k9_table> on 2024-09-02 00:00:00+00:00
[2024-09-03T14:00:04.023+0000] {standard_task_runner.py:57} INFO - Started process 2157 to run task
[2024-09-03T14:00:04.026+0000] {standard_task_runner.py:84} INFO - Running: ['***', 'tasks', 'run', 'k9_etl_dag_v6', 'create_k9_table', 'scheduled__2024-09-02T00:00:00+00:00', '--job-id', '90', '--raw', '--subdir', 'DAGS_FOLDER/k9_etl_dag_v6.py', '--cfg-path', '/tmp/tmpvvaj9olo']
[2024-09-03T14:00:04.027+0000] {standard_task_runner.py:85} INFO - Job 90: Subtask create_k9_table
[2024-09-03T14:00:04.058+0000] {task_command.py:415} INFO - Running <TaskInstance: k9_etl_dag_v6.create_k9_table scheduled__2024-09-02T00:00:00+00:00 [running]> on host 2624bebdd8ee
[2024-09-03T14:00:04.123+0000] {taskinstance.py:1660} INFO - Exporting env vars: AIRFLOW_CTX_DAG_OWNER='***' AIRFLOW_CTX_DAG_ID='k9_etl_dag_v6' AIRFLOW_CTX_TASK_ID='create_k9_table' AIRFLOW_CTX_EXECUTION_DATE='2024-09-02T00:00:00+00:00' AIRFLOW_CTX_TRY_NUMBER='1' AIRFLOW_CTX_DAG_RUN_ID='scheduled__2024-09-02T00:00:00+00:00'
[2024-09-03T14:00:04.124+0000] {sql.py:274} INFO - Executing: 
        CREATE TABLE IF NOT EXISTS k9_facts_v6 (
            id SERIAL PRIMARY KEY,
            fact_id TEXT,
            created_date TIMESTAMP,
            description TEXT,
            category VARCHAR(50),
            version INTEGER,
            is_current BOOLEAN,
            is_deleted BOOLEAN DEFAULT FALSE
        );
        
[2024-09-03T14:00:04.131+0000] {base.py:73} INFO - Using connection ID 'k9_care' for task execution.
[2024-09-03T14:00:04.141+0000] {base.py:73} INFO - Using connection ID 'k9_care' for task execution.
[2024-09-03T14:00:04.164+0000] {sql.py:418} INFO - Running statement: 
        CREATE TABLE IF NOT EXISTS k9_facts_v6 (
            id SERIAL PRIMARY KEY,
            fact_id TEXT,
            created_date TIMESTAMP,
            description TEXT,
            category VARCHAR(50),
            version INTEGER,
            is_current BOOLEAN,
            is_deleted BOOLEAN DEFAULT FALSE
        );
        , parameters: None
[2024-09-03T14:00:04.175+0000] {taskinstance.py:1398} INFO - Marking task as SUCCESS. dag_id=k9_etl_dag_v6, task_id=create_k9_table, execution_date=20240902T000000, start_date=20240903T140003, end_date=20240903T140004
[2024-09-03T14:00:04.212+0000] {local_task_job_runner.py:228} INFO - Task exited with return code 0
[2024-09-03T14:00:04.229+0000] {taskinstance.py:2776} INFO - 1 downstream tasks scheduled from follow-on schedule check
