[2024-09-03T15:42:08.321+0000] {taskinstance.py:1157} INFO - Dependencies all met for dep_context=non-requeueable deps ti=<TaskInstance: k9_etl_dag_v7.log_completion manual__2024-09-03T15:41:52.528625+00:00 [queued]>
[2024-09-03T15:42:08.327+0000] {taskinstance.py:1157} INFO - Dependencies all met for dep_context=requeueable deps ti=<TaskInstance: k9_etl_dag_v7.log_completion manual__2024-09-03T15:41:52.528625+00:00 [queued]>
[2024-09-03T15:42:08.328+0000] {taskinstance.py:1359} INFO - Starting attempt 1 of 2
[2024-09-03T15:42:08.335+0000] {taskinstance.py:1380} INFO - Executing <Task(_PythonDecoratedOperator): log_completion> on 2024-09-03 15:41:52.528625+00:00
[2024-09-03T15:42:08.341+0000] {standard_task_runner.py:57} INFO - Started process 3933 to run task
[2024-09-03T15:42:08.344+0000] {standard_task_runner.py:84} INFO - Running: ['***', 'tasks', 'run', 'k9_etl_dag_v7', 'log_completion', 'manual__2024-09-03T15:41:52.528625+00:00', '--job-id', '230', '--raw', '--subdir', 'DAGS_FOLDER/k9_etl_dag_v7.py', '--cfg-path', '/tmp/tmpspdscj77']
[2024-09-03T15:42:08.345+0000] {standard_task_runner.py:85} INFO - Job 230: Subtask log_completion
[2024-09-03T15:42:08.381+0000] {task_command.py:415} INFO - Running <TaskInstance: k9_etl_dag_v7.log_completion manual__2024-09-03T15:41:52.528625+00:00 [running]> on host 2624bebdd8ee
[2024-09-03T15:42:08.474+0000] {taskinstance.py:1660} INFO - Exporting env vars: AIRFLOW_CTX_DAG_EMAIL='your-email@example.com' AIRFLOW_CTX_DAG_OWNER='***' AIRFLOW_CTX_DAG_ID='k9_etl_dag_v7' AIRFLOW_CTX_TASK_ID='log_completion' AIRFLOW_CTX_EXECUTION_DATE='2024-09-03T15:41:52.528625+00:00' AIRFLOW_CTX_TRY_NUMBER='1' AIRFLOW_CTX_DAG_RUN_ID='manual__2024-09-03T15:41:52.528625+00:00'
[2024-09-03T15:42:08.484+0000] {k9_etl_dag_v7.py:187} INFO - K9 ETL job completed. Update report:
ETL Report for 2024-09-03:
Processed 12 records.
12 records were inserted.
0 records were updated.
0 records were marked as deleted.
There were updates in the source dataset.
[2024-09-03T15:42:08.487+0000] {python.py:194} INFO - Done. Returned value was: Job completed successfully
[2024-09-03T15:42:08.582+0000] {taskinstance.py:1398} INFO - Marking task as SUCCESS. dag_id=k9_etl_dag_v7, task_id=log_completion, execution_date=20240903T154152, start_date=20240903T154208, end_date=20240903T154208
[2024-09-03T15:42:08.651+0000] {local_task_job_runner.py:228} INFO - Task exited with return code 0
[2024-09-03T15:42:08.723+0000] {taskinstance.py:2776} INFO - 0 downstream tasks scheduled from follow-on schedule check
