[2024-09-03T13:38:41.587+0000] {taskinstance.py:1157} INFO - Dependencies all met for dep_context=non-requeueable deps ti=<TaskInstance: k9_etl_dag_v5.create_k9_table manual__2024-09-03T13:38:39.642797+00:00 [queued]>
[2024-09-03T13:38:41.593+0000] {taskinstance.py:1157} INFO - Dependencies all met for dep_context=requeueable deps ti=<TaskInstance: k9_etl_dag_v5.create_k9_table manual__2024-09-03T13:38:39.642797+00:00 [queued]>
[2024-09-03T13:38:41.593+0000] {taskinstance.py:1359} INFO - Starting attempt 1 of 1
[2024-09-03T13:38:41.601+0000] {taskinstance.py:1380} INFO - Executing <Task(SQLExecuteQueryOperator): create_k9_table> on 2024-09-03 13:38:39.642797+00:00
[2024-09-03T13:38:41.613+0000] {standard_task_runner.py:57} INFO - Started process 1767 to run task
[2024-09-03T13:38:41.619+0000] {standard_task_runner.py:84} INFO - Running: ['***', 'tasks', 'run', 'k9_etl_dag_v5', 'create_k9_table', 'manual__2024-09-03T13:38:39.642797+00:00', '--job-id', '55', '--raw', '--subdir', 'DAGS_FOLDER/k9_etl_dag_v5.py', '--cfg-path', '/tmp/tmp_c7v8lps']
[2024-09-03T13:38:41.621+0000] {standard_task_runner.py:85} INFO - Job 55: Subtask create_k9_table
[2024-09-03T13:38:41.656+0000] {task_command.py:415} INFO - Running <TaskInstance: k9_etl_dag_v5.create_k9_table manual__2024-09-03T13:38:39.642797+00:00 [running]> on host 2624bebdd8ee
[2024-09-03T13:38:41.710+0000] {taskinstance.py:1660} INFO - Exporting env vars: AIRFLOW_CTX_DAG_OWNER='***' AIRFLOW_CTX_DAG_ID='k9_etl_dag_v5' AIRFLOW_CTX_TASK_ID='create_k9_table' AIRFLOW_CTX_EXECUTION_DATE='2024-09-03T13:38:39.642797+00:00' AIRFLOW_CTX_TRY_NUMBER='1' AIRFLOW_CTX_DAG_RUN_ID='manual__2024-09-03T13:38:39.642797+00:00'
[2024-09-03T13:38:41.710+0000] {sql.py:274} INFO - Executing: 
        CREATE TABLE IF NOT EXISTS k9_facts_v5 (
            id SERIAL PRIMARY KEY,
            fact_id INTEGER,
            created_date TIMESTAMP,
            description TEXT,
            category VARCHAR(50),
            version INTEGER,
            is_current BOOLEAN,
            is_deleted BOOLEAN DEFAULT FALSE
        );
        
[2024-09-03T13:38:41.716+0000] {base.py:73} INFO - Using connection ID 'k9_care' for task execution.
[2024-09-03T13:38:41.722+0000] {base.py:73} INFO - Using connection ID 'k9_care' for task execution.
[2024-09-03T13:38:41.734+0000] {sql.py:418} INFO - Running statement: 
        CREATE TABLE IF NOT EXISTS k9_facts_v5 (
            id SERIAL PRIMARY KEY,
            fact_id INTEGER,
            created_date TIMESTAMP,
            description TEXT,
            category VARCHAR(50),
            version INTEGER,
            is_current BOOLEAN,
            is_deleted BOOLEAN DEFAULT FALSE
        );
        , parameters: None
[2024-09-03T13:38:41.741+0000] {taskinstance.py:1398} INFO - Marking task as SUCCESS. dag_id=k9_etl_dag_v5, task_id=create_k9_table, execution_date=20240903T133839, start_date=20240903T133841, end_date=20240903T133841
[2024-09-03T13:38:41.760+0000] {local_task_job_runner.py:228} INFO - Task exited with return code 0
[2024-09-03T13:38:41.776+0000] {taskinstance.py:2776} INFO - 1 downstream tasks scheduled from follow-on schedule check
