[2024-09-03T14:00:03.592+0000] {taskinstance.py:1157} INFO - Dependencies all met for dep_context=non-requeueable deps ti=<TaskInstance: k9_etl_dag_v6.create_k9_table manual__2024-09-03T14:00:01.821795+00:00 [queued]>
[2024-09-03T14:00:03.601+0000] {taskinstance.py:1157} INFO - Dependencies all met for dep_context=requeueable deps ti=<TaskInstance: k9_etl_dag_v6.create_k9_table manual__2024-09-03T14:00:01.821795+00:00 [queued]>
[2024-09-03T14:00:03.601+0000] {taskinstance.py:1359} INFO - Starting attempt 1 of 1
[2024-09-03T14:00:03.623+0000] {taskinstance.py:1380} INFO - Executing <Task(SQLExecuteQueryOperator): create_k9_table> on 2024-09-03 14:00:01.821795+00:00
[2024-09-03T14:00:03.633+0000] {standard_task_runner.py:57} INFO - Started process 2156 to run task
[2024-09-03T14:00:03.637+0000] {standard_task_runner.py:84} INFO - Running: ['***', 'tasks', 'run', 'k9_etl_dag_v6', 'create_k9_table', 'manual__2024-09-03T14:00:01.821795+00:00', '--job-id', '89', '--raw', '--subdir', 'DAGS_FOLDER/k9_etl_dag_v6.py', '--cfg-path', '/tmp/tmpynxxhc3t']
[2024-09-03T14:00:03.640+0000] {standard_task_runner.py:85} INFO - Job 89: Subtask create_k9_table
[2024-09-03T14:00:03.731+0000] {task_command.py:415} INFO - Running <TaskInstance: k9_etl_dag_v6.create_k9_table manual__2024-09-03T14:00:01.821795+00:00 [running]> on host 2624bebdd8ee
[2024-09-03T14:00:03.823+0000] {taskinstance.py:1660} INFO - Exporting env vars: AIRFLOW_CTX_DAG_OWNER='***' AIRFLOW_CTX_DAG_ID='k9_etl_dag_v6' AIRFLOW_CTX_TASK_ID='create_k9_table' AIRFLOW_CTX_EXECUTION_DATE='2024-09-03T14:00:01.821795+00:00' AIRFLOW_CTX_TRY_NUMBER='1' AIRFLOW_CTX_DAG_RUN_ID='manual__2024-09-03T14:00:01.821795+00:00'
[2024-09-03T14:00:03.829+0000] {sql.py:274} INFO - Executing: 
        CREATE TABLE IF NOT EXISTS k9_facts_v6 (
            id SERIAL PRIMARY KEY,
            fact_id TEXT,
            created_date TIMESTAMP,
            description TEXT,
            category VARCHAR(50),
            version INTEGER,
            is_current BOOLEAN,
            is_deleted BOOLEAN DEFAULT FALSE
        );
        
[2024-09-03T14:00:03.850+0000] {base.py:73} INFO - Using connection ID 'k9_care' for task execution.
[2024-09-03T14:00:03.862+0000] {base.py:73} INFO - Using connection ID 'k9_care' for task execution.
[2024-09-03T14:00:03.912+0000] {sql.py:418} INFO - Running statement: 
        CREATE TABLE IF NOT EXISTS k9_facts_v6 (
            id SERIAL PRIMARY KEY,
            fact_id TEXT,
            created_date TIMESTAMP,
            description TEXT,
            category VARCHAR(50),
            version INTEGER,
            is_current BOOLEAN,
            is_deleted BOOLEAN DEFAULT FALSE
        );
        , parameters: None
[2024-09-03T14:00:03.985+0000] {taskinstance.py:1398} INFO - Marking task as SUCCESS. dag_id=k9_etl_dag_v6, task_id=create_k9_table, execution_date=20240903T140001, start_date=20240903T140003, end_date=20240903T140003
[2024-09-03T14:00:04.032+0000] {local_task_job_runner.py:228} INFO - Task exited with return code 0
[2024-09-03T14:00:04.058+0000] {taskinstance.py:2776} INFO - 1 downstream tasks scheduled from follow-on schedule check
