[2024-09-03T08:46:06.669+0000] {taskinstance.py:1157} INFO - Dependencies all met for dep_context=non-requeueable deps ti=<TaskInstance: k9_etl_dag_v2.create_k9_table manual__2024-09-03T08:46:05.245394+00:00 [queued]>
[2024-09-03T08:46:06.674+0000] {taskinstance.py:1157} INFO - Dependencies all met for dep_context=requeueable deps ti=<TaskInstance: k9_etl_dag_v2.create_k9_table manual__2024-09-03T08:46:05.245394+00:00 [queued]>
[2024-09-03T08:46:06.674+0000] {taskinstance.py:1359} INFO - Starting attempt 1 of 1
[2024-09-03T08:46:06.681+0000] {taskinstance.py:1380} INFO - Executing <Task(SQLExecuteQueryOperator): create_k9_table> on 2024-09-03 08:46:05.245394+00:00
[2024-09-03T08:46:06.684+0000] {standard_task_runner.py:57} INFO - Started process 710 to run task
[2024-09-03T08:46:06.687+0000] {standard_task_runner.py:84} INFO - Running: ['***', 'tasks', 'run', 'k9_etl_dag_v2', 'create_k9_table', 'manual__2024-09-03T08:46:05.245394+00:00', '--job-id', '20', '--raw', '--subdir', 'DAGS_FOLDER/k9_etl_dag_v2.py', '--cfg-path', '/tmp/tmpc_96zxhq']
[2024-09-03T08:46:06.688+0000] {standard_task_runner.py:85} INFO - Job 20: Subtask create_k9_table
[2024-09-03T08:46:06.874+0000] {task_command.py:415} INFO - Running <TaskInstance: k9_etl_dag_v2.create_k9_table manual__2024-09-03T08:46:05.245394+00:00 [running]> on host 52afa4428dd5
[2024-09-03T08:46:06.936+0000] {taskinstance.py:1660} INFO - Exporting env vars: AIRFLOW_CTX_DAG_OWNER='***' AIRFLOW_CTX_DAG_ID='k9_etl_dag_v2' AIRFLOW_CTX_TASK_ID='create_k9_table' AIRFLOW_CTX_EXECUTION_DATE='2024-09-03T08:46:05.245394+00:00' AIRFLOW_CTX_TRY_NUMBER='1' AIRFLOW_CTX_DAG_RUN_ID='manual__2024-09-03T08:46:05.245394+00:00'
[2024-09-03T08:46:06.937+0000] {sql.py:274} INFO - Executing: 
        CREATE TABLE IF NOT EXISTS k9_facts_v2 (
            id SERIAL PRIMARY KEY,
            fact_id INTEGER,
            created_date TIMESTAMP,
            description TEXT,
            category VARCHAR(50),
            version INTEGER,
            is_current BOOLEAN
        );
        
[2024-09-03T08:46:06.941+0000] {base.py:73} INFO - Using connection ID 'k9_care' for task execution.
[2024-09-03T08:46:06.960+0000] {base.py:73} INFO - Using connection ID 'k9_care' for task execution.
[2024-09-03T08:46:07.013+0000] {sql.py:418} INFO - Running statement: 
        CREATE TABLE IF NOT EXISTS k9_facts_v2 (
            id SERIAL PRIMARY KEY,
            fact_id INTEGER,
            created_date TIMESTAMP,
            description TEXT,
            category VARCHAR(50),
            version INTEGER,
            is_current BOOLEAN
        );
        , parameters: None
[2024-09-03T08:46:07.025+0000] {taskinstance.py:1398} INFO - Marking task as SUCCESS. dag_id=k9_etl_dag_v2, task_id=create_k9_table, execution_date=20240903T084605, start_date=20240903T084606, end_date=20240903T084607
[2024-09-03T08:46:07.045+0000] {local_task_job_runner.py:228} INFO - Task exited with return code 0
[2024-09-03T08:46:07.062+0000] {taskinstance.py:2776} INFO - 1 downstream tasks scheduled from follow-on schedule check
