[2024-09-04T17:52:50.767+0000] {manager.py:487} INFO - Processing files using up to 2 processes at a time 
[2024-09-04T17:52:50.770+0000] {manager.py:488} INFO - Process each file at most once every 30 seconds
[2024-09-04T17:52:50.779+0000] {manager.py:489} INFO - Checking for new files in /opt/airflow/dags every 300 seconds
[2024-09-04T17:52:50.782+0000] {manager.py:759} INFO - Searching for files in /opt/airflow/dags
[2024-09-04T17:52:50.816+0000] {manager.py:762} INFO - There are 1 files in /opt/airflow/dags
[2024-09-04T17:52:52.058+0000] {manager.py:893} INFO - 
================================================================================
DAG File Processing Stats

File Path                             PID  Runtime      # DAGs    # Errors  Last Runtime    Last Run
----------------------------------  -----  ---------  --------  ----------  --------------  ----------
/opt/airflow/dags/k9_etl_dag_v3.py     56  0.05s             0           0
================================================================================
[2024-09-04T17:53:22.364+0000] {manager.py:893} INFO - 
================================================================================
DAG File Processing Stats

File Path                           PID    Runtime      # DAGs    # Errors  Last Runtime    Last Run
----------------------------------  -----  ---------  --------  ----------  --------------  -------------------
/opt/airflow/dags/k9_etl_dag_v3.py                           1           0  0.47s           2024-09-04T17:52:52
================================================================================
[2024-09-04T17:53:53.163+0000] {manager.py:893} INFO - 
================================================================================
DAG File Processing Stats

File Path                           PID    Runtime      # DAGs    # Errors  Last Runtime    Last Run
----------------------------------  -----  ---------  --------  ----------  --------------  -------------------
/opt/airflow/dags/k9_etl_dag_v3.py                           1           0  1.12s           2024-09-04T17:53:24
================================================================================
[2024-09-04T17:54:23.504+0000] {manager.py:893} INFO - 
================================================================================
DAG File Processing Stats

File Path                           PID    Runtime      # DAGs    # Errors  Last Runtime    Last Run
----------------------------------  -----  ---------  --------  ----------  --------------  -------------------
/opt/airflow/dags/k9_etl_dag_v3.py                           1           0  0.27s           2024-09-04T17:53:55
================================================================================
[2024-09-04T17:54:54.051+0000] {manager.py:893} INFO - 
================================================================================
DAG File Processing Stats

File Path                           PID    Runtime      # DAGs    # Errors  Last Runtime    Last Run
----------------------------------  -----  ---------  --------  ----------  --------------  -------------------
/opt/airflow/dags/k9_etl_dag_v3.py                           1           0  0.20s           2024-09-04T17:54:25
================================================================================
[2024-09-04T17:55:24.448+0000] {manager.py:893} INFO - 
================================================================================
DAG File Processing Stats

File Path                           PID    Runtime      # DAGs    # Errors  Last Runtime    Last Run
----------------------------------  -----  ---------  --------  ----------  --------------  -------------------
/opt/airflow/dags/k9_etl_dag_v3.py                           1           0  0.16s           2024-09-04T17:54:56
================================================================================
[2024-09-04T17:55:54.731+0000] {manager.py:893} INFO - 
================================================================================
DAG File Processing Stats

File Path                           PID    Runtime      # DAGs    # Errors  Last Runtime    Last Run
----------------------------------  -----  ---------  --------  ----------  --------------  -------------------
/opt/airflow/dags/k9_etl_dag_v3.py                           1           0  0.30s           2024-09-04T17:55:26
================================================================================
[2024-09-04T17:56:25.452+0000] {manager.py:893} INFO - 
================================================================================
DAG File Processing Stats

File Path                           PID    Runtime      # DAGs    # Errors  Last Runtime    Last Run
----------------------------------  -----  ---------  --------  ----------  --------------  -------------------
/opt/airflow/dags/k9_etl_dag_v3.py                           1           0  0.11s           2024-09-04T17:55:57
================================================================================
[2024-09-04T17:56:55.784+0000] {manager.py:893} INFO - 
================================================================================
DAG File Processing Stats

File Path                           PID    Runtime      # DAGs    # Errors  Last Runtime    Last Run
----------------------------------  -----  ---------  --------  ----------  --------------  -------------------
/opt/airflow/dags/k9_etl_dag_v3.py                           1           0  0.13s           2024-09-04T17:56:27
================================================================================
[2024-09-04T17:57:26.055+0000] {manager.py:893} INFO - 
================================================================================
DAG File Processing Stats

File Path                           PID    Runtime      # DAGs    # Errors  Last Runtime    Last Run
----------------------------------  -----  ---------  --------  ----------  --------------  -------------------
/opt/airflow/dags/k9_etl_dag_v3.py                           1           0  0.23s           2024-09-04T17:56:58
================================================================================
[2024-09-04T17:57:51.460+0000] {manager.py:759} INFO - Searching for files in /opt/airflow/dags
[2024-09-04T17:57:51.468+0000] {manager.py:762} INFO - There are 1 files in /opt/airflow/dags
[2024-09-04T17:57:55.894+0000] {manager.py:469} INFO - Exiting gracefully upon receiving signal 15
