[2024-09-03T14:46:22.585+0000] {taskinstance.py:1157} INFO - Dependencies all met for dep_context=non-requeueable deps ti=<TaskInstance: k9_etl_dag_v7.check_updates scheduled__2024-09-02T00:00:00+00:00 [queued]>
[2024-09-03T14:46:22.595+0000] {taskinstance.py:1157} INFO - Dependencies all met for dep_context=requeueable deps ti=<TaskInstance: k9_etl_dag_v7.check_updates scheduled__2024-09-02T00:00:00+00:00 [queued]>
[2024-09-03T14:46:22.595+0000] {taskinstance.py:1359} INFO - Starting attempt 1 of 2
[2024-09-03T14:46:22.605+0000] {taskinstance.py:1380} INFO - Executing <Task(_PythonDecoratedOperator): check_updates> on 2024-09-02 00:00:00+00:00
[2024-09-03T14:46:22.613+0000] {standard_task_runner.py:57} INFO - Started process 2911 to run task
[2024-09-03T14:46:22.618+0000] {standard_task_runner.py:84} INFO - Running: ['***', 'tasks', 'run', 'k9_etl_dag_v7', 'check_updates', 'scheduled__2024-09-02T00:00:00+00:00', '--job-id', '125', '--raw', '--subdir', 'DAGS_FOLDER/k9_etl_dag_v7.py', '--cfg-path', '/tmp/tmpo29tsozk']
[2024-09-03T14:46:22.619+0000] {standard_task_runner.py:85} INFO - Job 125: Subtask check_updates
[2024-09-03T14:46:22.676+0000] {task_command.py:415} INFO - Running <TaskInstance: k9_etl_dag_v7.check_updates scheduled__2024-09-02T00:00:00+00:00 [running]> on host 2624bebdd8ee
[2024-09-03T14:46:22.810+0000] {taskinstance.py:1660} INFO - Exporting env vars: AIRFLOW_CTX_DAG_EMAIL='your-email@example.com' AIRFLOW_CTX_DAG_OWNER='***' AIRFLOW_CTX_DAG_ID='k9_etl_dag_v7' AIRFLOW_CTX_TASK_ID='check_updates' AIRFLOW_CTX_EXECUTION_DATE='2024-09-02T00:00:00+00:00' AIRFLOW_CTX_TRY_NUMBER='1' AIRFLOW_CTX_DAG_RUN_ID='scheduled__2024-09-02T00:00:00+00:00'
[2024-09-03T14:46:22.831+0000] {python.py:194} INFO - Done. Returned value was: ETL Report for 2024-09-03:
Processed 435 records.
431 records were inserted or updated.
0 records were marked as deleted.
There were updates in the source dataset.
[2024-09-03T14:46:22.849+0000] {taskinstance.py:1398} INFO - Marking task as SUCCESS. dag_id=k9_etl_dag_v7, task_id=check_updates, execution_date=20240902T000000, start_date=20240903T144622, end_date=20240903T144622
[2024-09-03T14:46:22.882+0000] {local_task_job_runner.py:228} INFO - Task exited with return code 0
[2024-09-03T14:46:22.926+0000] {taskinstance.py:2776} INFO - 1 downstream tasks scheduled from follow-on schedule check
[2024-09-03T18:16:18.036+0000] {taskinstance.py:1157} INFO - Dependencies all met for dep_context=non-requeueable deps ti=<TaskInstance: k9_etl_dag_v7.check_updates scheduled__2024-09-02T00:00:00+00:00 [queued]>
[2024-09-03T18:16:18.045+0000] {taskinstance.py:1157} INFO - Dependencies all met for dep_context=requeueable deps ti=<TaskInstance: k9_etl_dag_v7.check_updates scheduled__2024-09-02T00:00:00+00:00 [queued]>
[2024-09-03T18:16:18.046+0000] {taskinstance.py:1359} INFO - Starting attempt 1 of 2
[2024-09-03T18:16:18.060+0000] {taskinstance.py:1380} INFO - Executing <Task(_PythonDecoratedOperator): check_updates> on 2024-09-02 00:00:00+00:00
[2024-09-03T18:16:18.072+0000] {standard_task_runner.py:57} INFO - Started process 126 to run task
[2024-09-03T18:16:18.076+0000] {standard_task_runner.py:84} INFO - Running: ['***', 'tasks', 'run', 'k9_etl_dag_v7', 'check_updates', 'scheduled__2024-09-02T00:00:00+00:00', '--job-id', '8', '--raw', '--subdir', 'DAGS_FOLDER/k9_etl_dag_v7.py', '--cfg-path', '/tmp/tmpj7r3w7nl']
[2024-09-03T18:16:18.078+0000] {standard_task_runner.py:85} INFO - Job 8: Subtask check_updates
[2024-09-03T18:16:18.125+0000] {task_command.py:415} INFO - Running <TaskInstance: k9_etl_dag_v7.check_updates scheduled__2024-09-02T00:00:00+00:00 [running]> on host dcdd6b24b7af
[2024-09-03T18:16:18.195+0000] {taskinstance.py:1660} INFO - Exporting env vars: AIRFLOW_CTX_DAG_OWNER='***' AIRFLOW_CTX_DAG_ID='k9_etl_dag_v7' AIRFLOW_CTX_TASK_ID='check_updates' AIRFLOW_CTX_EXECUTION_DATE='2024-09-02T00:00:00+00:00' AIRFLOW_CTX_TRY_NUMBER='1' AIRFLOW_CTX_DAG_RUN_ID='scheduled__2024-09-02T00:00:00+00:00'
[2024-09-03T18:16:18.202+0000] {python.py:194} INFO - Done. Returned value was: ETL Report for 2024-09-03:
Processed 9 records.
9 records were inserted.
0 records were updated.
0 records were marked as deleted.
There were updates in the source dataset.
[2024-09-03T18:16:18.218+0000] {taskinstance.py:1398} INFO - Marking task as SUCCESS. dag_id=k9_etl_dag_v7, task_id=check_updates, execution_date=20240902T000000, start_date=20240903T181618, end_date=20240903T181618
[2024-09-03T18:16:18.261+0000] {local_task_job_runner.py:228} INFO - Task exited with return code 0
[2024-09-03T18:16:18.282+0000] {taskinstance.py:2776} INFO - 1 downstream tasks scheduled from follow-on schedule check
